<?xml version="1.0" encoding="UTF-8"?>
<testng-results skipped="0" failed="0" ignored="0" total="1" passed="1">
  <reporter-output>
  </reporter-output>
  <suite name="Suite" duration-ms="3918" started-at="2021-11-27T06:43:03Z" finished-at="2021-11-27T06:43:07Z">
    <groups>
    </groups>
    <test name="Test" duration-ms="3918" started-at="2021-11-27T06:43:03Z" finished-at="2021-11-27T06:43:07Z">
      <class name="testng.LoginTest">
        <test-method status="PASS" signature="test1()[pri:0, instance:testng.LoginTest@3b088d51]" name="test1" duration-ms="3900" started-at="2021-11-27T06:43:03Z" finished-at="2021-11-27T06:43:07Z">
          <reporter-output>
          </reporter-output>
        </test-method> <!-- test1 -->
      </class> <!-- testng.LoginTest -->
    </test> <!-- Test -->
  </suite> <!-- Suite -->
</testng-results>
